D:\计算机\编程\各种题目\CHICKEN JUMPING\CHICKEN JUMPING\DEBUG\CHICKEN JUMPING.EXE.EMBED.MANIFEST
D:\计算机\编程\各种题目\CHICKEN JUMPING\CHICKEN JUMPING\DEBUG\CHICKEN JUMPING.EXE.EMBED.MANIFEST.RES
D:\计算机\编程\各种题目\CHICKEN JUMPING\CHICKEN JUMPING\DEBUG\CHICKEN JUMPING.EXE.INTERMEDIATE.MANIFEST
D:\计算机\编程\各种题目\chicken jumping\chicken jumping\Debug\chicken jumping.vcxprojResolveAssemblyReference.cache
D:\计算机\编程\各种题目\chicken jumping\chicken jumping\Debug\chicken jumping.write.1.tlog
D:\计算机\编程\各种题目\chicken jumping\chicken jumping\Debug\chicken jumping_manifest.rc
D:\计算机\编程\各种题目\chicken jumping\chicken jumping\Debug\cl.command.1.tlog
D:\计算机\编程\各种题目\chicken jumping\chicken jumping\Debug\CL.read.1.tlog
D:\计算机\编程\各种题目\chicken jumping\chicken jumping\Debug\CL.write.1.tlog
D:\计算机\编程\各种题目\chicken jumping\chicken jumping\Debug\link.11904.read.1.tlog
D:\计算机\编程\各种题目\chicken jumping\chicken jumping\Debug\link.11904.write.1.tlog
D:\计算机\编程\各种题目\chicken jumping\chicken jumping\Debug\link.11904-cvtres.read.1.tlog
D:\计算机\编程\各种题目\chicken jumping\chicken jumping\Debug\link.11904-cvtres.write.1.tlog
D:\计算机\编程\各种题目\chicken jumping\chicken jumping\Debug\link.3128.read.1.tlog
D:\计算机\编程\各种题目\chicken jumping\chicken jumping\Debug\link.3128.write.1.tlog
D:\计算机\编程\各种题目\chicken jumping\chicken jumping\Debug\link.3128-cvtres.read.1.tlog
D:\计算机\编程\各种题目\chicken jumping\chicken jumping\Debug\link.3128-cvtres.write.1.tlog
D:\计算机\编程\各种题目\chicken jumping\chicken jumping\Debug\link.3744.read.1.tlog
D:\计算机\编程\各种题目\chicken jumping\chicken jumping\Debug\link.3744.write.1.tlog
D:\计算机\编程\各种题目\chicken jumping\chicken jumping\Debug\link.3744-cvtres.read.1.tlog
D:\计算机\编程\各种题目\chicken jumping\chicken jumping\Debug\link.3744-cvtres.write.1.tlog
D:\计算机\编程\各种题目\chicken jumping\chicken jumping\Debug\link.6104.read.1.tlog
D:\计算机\编程\各种题目\chicken jumping\chicken jumping\Debug\link.6104.write.1.tlog
D:\计算机\编程\各种题目\chicken jumping\chicken jumping\Debug\link.6104-cvtres.read.1.tlog
D:\计算机\编程\各种题目\chicken jumping\chicken jumping\Debug\link.6104-cvtres.write.1.tlog
D:\计算机\编程\各种题目\chicken jumping\chicken jumping\Debug\link.command.1.tlog
D:\计算机\编程\各种题目\chicken jumping\chicken jumping\Debug\link.read.1.tlog
D:\计算机\编程\各种题目\chicken jumping\chicken jumping\Debug\link.write.1.tlog
D:\计算机\编程\各种题目\chicken jumping\chicken jumping\Debug\link-cvtres.read.1.tlog
D:\计算机\编程\各种题目\chicken jumping\chicken jumping\Debug\link-cvtres.write.1.tlog
D:\计算机\编程\各种题目\CHICKEN JUMPING\CHICKEN JUMPING\DEBUG\MAIN.OBJ
D:\计算机\编程\各种题目\chicken jumping\chicken jumping\Debug\mt.command.1.tlog
D:\计算机\编程\各种题目\chicken jumping\chicken jumping\Debug\mt.read.1.tlog
D:\计算机\编程\各种题目\chicken jumping\chicken jumping\Debug\mt.write.1.tlog
D:\计算机\编程\各种题目\chicken jumping\chicken jumping\Debug\rc.command.1.tlog
D:\计算机\编程\各种题目\chicken jumping\chicken jumping\Debug\rc.read.1.tlog
D:\计算机\编程\各种题目\chicken jumping\chicken jumping\Debug\rc.write.1.tlog
D:\计算机\编程\各种题目\chicken jumping\chicken jumping\Debug\vc100.idb
D:\计算机\编程\各种题目\CHICKEN JUMPING\CHICKEN JUMPING\DEBUG\VC100.PDB
D:\计算机\编程\各种题目\CHICKEN JUMPING\DEBUG\CHICKEN JUMPING.EXE
D:\计算机\编程\各种题目\CHICKEN JUMPING\DEBUG\CHICKEN JUMPING.ILK
D:\计算机\编程\各种题目\CHICKEN JUMPING\DEBUG\CHICKEN JUMPING.PDB
